00 00 00 00
00 00 00 00
00 00 00 00
00 00 00 00
00 00 00 00
00 00 00 00
00 00 00 00
00 00 00 00
00 00 00 00
00 00 00 00
00 00 00 00
00 00 00 00
00 00 00 00
00 00 00 00
00 00 00 00
00 00 00 00
00 00 00 00
00 00 00 00
00 00 00 00
00 00 00 00
00 00 00 00
00 00 00 00
00 00 00 00
00 00 00 00
00 00 00 00
00 00 00 00
00 00 00 00
00 00 00 00
00 00 00 00
00 00 00 00
00 00 00 00
00 00 00 00
00 00 00 00
00 00 00 00
00 00 00 00
00 00 00 00
af 23 40 00
00 00 00 00
63 22 40 00
00 00 00 00
19 22 40 00
00 00 00 00
48 00 00 00
00 00 00 00
cc 22 40 00
00 00 00 00
eb 22 40 00
00 00 00 00
a1 22 40 00
00 00 00 00
76 22 40 00
00 00 00 00
63 22 40 00
00 00 00 00
85 20 40 00
00 00 00 00
35 38 66 63
32 65 31 34
00 00 00 00
00 00 00 00
00 00 00 00
00 00 00 00
00 00 00 00
00 00 00 00
90 00 00 00
f0 00 00 00
11 11 11 11
11 11 11 11
11 11 11 11
11 11 11 11
11 11 11 11
11 11 11 11
11 11 11 11
11 11 11 11
11 11 11 11
11 11 11 11
11 11 11 11
11 11 11 11
11 11 11 11
11 11 11 11
11 11 11 11
11 11 11 11
11 11 11 11
11 11 11 11
11 11 11 11
11 11 11 11
11 11 11 11
11 11 11 11
11 11 11 11
11 11 11 11
11 11 11 11
11 11 11 11
11 11 11 11
11 11 11 11
11 11 11 11
11 11 11 11
11 11 11 11
11 11 11 11
